Command line invocation:
    /Applications/Xcode.app/Contents/Developer/usr/bin/xcodebuild -workspace ios/SolidiMobileApp4.xcworkspace -scheme SolidiMobileApp4 -configuration Debug -sdk iphonesimulator -destination "platform=iOS Simulator,name=iPhone 15 Pro Max" -derivedDataPath ios/build_manual

User defaults from command line:
    IDEDerivedDataPathOverride = /Users/henry/Solidi/SolidiMobileApp4/ios/build_manual
    IDEPackageSupportUseBuiltinSCM = YES

Build settings from command line:
    SDKROOT = iphonesimulator18.2

2025-12-15 10:05:23.581 xcodebuild[95121:18583611] Writing error result bundle to /var/folders/sj/d4zg9qxj1bz16yg57k1mhkd40000gq/T/ResultBundle_2025-15-12_10-05-0023.xcresult
xcodebuild: error: Unable to find a device matching the provided destination specifier:
		{ platform:iOS Simulator, OS:latest, name:iPhone 15 Pro Max }

	The requested device could not be found because no available devices matched the request.

	Available destinations for the "SolidiMobileApp4" scheme:
		{ platform:macOS, arch:arm64, variant:Designed for [iPad,iPhone], id:00008103-000E38C614A3001E, name:My Mac }
		{ platform:iOS, arch:arm64, id:00008030-000669240A91402E, name:iPhone }
		{ platform:iOS, id:dvtdevice-DVTiPhonePlaceholder-iphoneos:placeholder, name:Any iOS Device }
		{ platform:iOS Simulator, id:dvtdevice-DVTiOSDeviceSimulatorPlaceholder-iphonesimulator:placeholder, name:Any iOS Simulator Device }
		{ platform:iOS Simulator, id:020F78F8-71F8-4DB9-9E39-C6148D795209, OS:17.2, name:iPad (10th generation) }
		{ platform:iOS Simulator, id:020F78F8-71F8-4DB9-9E39-C6148D795209, OS:17.2, name:iPad (10th generation) }
		{ platform:iOS Simulator, id:916E3374-AC3B-4355-A554-11D209AD1220, OS:18.3.1, name:iPad (10th generation) }
		{ platform:iOS Simulator, id:916E3374-AC3B-4355-A554-11D209AD1220, OS:18.3.1, name:iPad (10th generation) }
		{ platform:iOS Simulator, id:01A2A8C1-F322-41A1-876E-568E1FF81AC0, OS:17.2, name:iPad Air (5th generation) }
		{ platform:iOS Simulator, id:01A2A8C1-F322-41A1-876E-568E1FF81AC0, OS:17.2, name:iPad Air (5th generation) }
		{ platform:iOS Simulator, id:AEEB0A26-D0FE-4818-8E85-6C893A794B3D, OS:18.3.1, name:iPad Air 11-inch (M2) }
		{ platform:iOS Simulator, id:AEEB0A26-D0FE-4818-8E85-6C893A794B3D, OS:18.3.1, name:iPad Air 11-inch (M2) }
		{ platform:iOS Simulator, id:4EF58D7A-322B-4DE2-B330-4A758958543F, OS:18.3.1, name:iPad Air 13-inch (M2) }
		{ platform:iOS Simulator, id:4EF58D7A-322B-4DE2-B330-4A758958543F, OS:18.3.1, name:iPad Air 13-inch (M2) }
		{ platform:iOS Simulator, id:9BF3E3B4-6694-422A-A22A-9BAE71FFCED1, OS:17.2, name:iPad Pro (11-inch) (4th generation) }
		{ platform:iOS Simulator, id:9BF3E3B4-6694-422A-A22A-9BAE71FFCED1, OS:17.2, name:iPad Pro (11-inch) (4th generation) }
		{ platform:iOS Simulator, id:FB8C648A-AED9-4102-8E6C-6E6675E9AA03, OS:17.2, name:iPad Pro (12.9-inch) (6th generation) }
		{ platform:iOS Simulator, id:FB8C648A-AED9-4102-8E6C-6E6675E9AA03, OS:17.2, name:iPad Pro (12.9-inch) (6th generation) }
		{ platform:iOS Simulator, id:D1B88332-6905-4CA5-ADC9-D620C4664851, OS:18.3.1, name:iPad Pro 11-inch (M4) }
		{ platform:iOS Simulator, id:D1B88332-6905-4CA5-ADC9-D620C4664851, OS:18.3.1, name:iPad Pro 11-inch (M4) }
		{ platform:iOS Simulator, id:76D81C66-B0F4-4F78-8E21-5C4E066BAE45, OS:18.3.1, name:iPad Pro 13-inch (M4) }
		{ platform:iOS Simulator, id:76D81C66-B0F4-4F78-8E21-5C4E066BAE45, OS:18.3.1, name:iPad Pro 13-inch (M4) }
		{ platform:iOS Simulator, id:2BFF1672-4240-49E6-A460-1D83D2934CE7, OS:17.2, name:iPad mini (6th generation) }
		{ platform:iOS Simulator, id:2BFF1672-4240-49E6-A460-1D83D2934CE7, OS:17.2, name:iPad mini (6th generation) }
		{ platform:iOS Simulator, id:F336B343-5BBE-4E79-8D97-1F9F9D0BCD73, OS:18.3.1, name:iPad mini (A17 Pro) }
		{ platform:iOS Simulator, id:F336B343-5BBE-4E79-8D97-1F9F9D0BCD73, OS:18.3.1, name:iPad mini (A17 Pro) }
		{ platform:iOS Simulator, id:E70D19AD-413F-47B0-9EF9-AA9A89A465ED, OS:17.2, name:iPhone 15 }
		{ platform:iOS Simulator, id:E70D19AD-413F-47B0-9EF9-AA9A89A465ED, OS:17.2, name:iPhone 15 }
		{ platform:iOS Simulator, id:E4AE4D90-BCDE-46E0-9F80-B3CBD1F52D25, OS:17.2, name:iPhone 15 Plus }
		{ platform:iOS Simulator, id:E4AE4D90-BCDE-46E0-9F80-B3CBD1F52D25, OS:17.2, name:iPhone 15 Plus }
		{ platform:iOS Simulator, id:06A2DF8B-AFEC-401B-AE17-D47DA6BF7235, OS:17.2, name:iPhone 15 Pro }
		{ platform:iOS Simulator, id:06A2DF8B-AFEC-401B-AE17-D47DA6BF7235, OS:17.2, name:iPhone 15 Pro }
		{ platform:iOS Simulator, id:F36B26E9-3CD3-4B4B-9824-FFD655A7A537, OS:17.2, name:iPhone 15 Pro Max }
		{ platform:iOS Simulator, id:F36B26E9-3CD3-4B4B-9824-FFD655A7A537, OS:17.2, name:iPhone 15 Pro Max }
		{ platform:iOS Simulator, id:94FA8F3C-6AF7-4FC1-AF3E-9E470CD8AA61, OS:18.3.1, name:iPhone 16 }
		{ platform:iOS Simulator, id:94FA8F3C-6AF7-4FC1-AF3E-9E470CD8AA61, OS:18.3.1, name:iPhone 16 }
		{ platform:iOS Simulator, id:BAE91E38-BC09-40A8-A40D-A226898EEC7C, OS:18.3.1, name:iPhone 16 Plus }
		{ platform:iOS Simulator, id:BAE91E38-BC09-40A8-A40D-A226898EEC7C, OS:18.3.1, name:iPhone 16 Plus }
		{ platform:iOS Simulator, id:006A844C-ACAB-4CCC-B34A-DCC025CDD7FF, OS:18.3.1, name:iPhone 16 Pro }
		{ platform:iOS Simulator, id:006A844C-ACAB-4CCC-B34A-DCC025CDD7FF, OS:18.3.1, name:iPhone 16 Pro }
		{ platform:iOS Simulator, id:0983BC94-68A1-4F85-A714-DF57B989C7F2, OS:18.3.1, name:iPhone 16 Pro Max }
		{ platform:iOS Simulator, id:0983BC94-68A1-4F85-A714-DF57B989C7F2, OS:18.3.1, name:iPhone 16 Pro Max }
		{ platform:iOS Simulator, id:EB34FCCF-D655-41B0-ADAA-4E571A7D5022, OS:17.2, name:iPhone SE (3rd generation) }
		{ platform:iOS Simulator, id:EB34FCCF-D655-41B0-ADAA-4E571A7D5022, OS:17.2, name:iPhone SE (3rd generation) }
		{ platform:iOS Simulator, id:8E917A20-2480-4E54-B518-071B699626CC, OS:18.3.1, name:iPhone SE (3rd generation) }
		{ platform:iOS Simulator, id:8E917A20-2480-4E54-B518-071B699626CC, OS:18.3.1, name:iPhone SE (3rd generation) }
